[ 2016-07-16T19:05:14+08:00 ] ::1 /tpshop/index.php/css/style.css
ERR: 无法加载模块:Css

[ 2016-07-16T19:05:15+08:00 ] ::1 /tpshop/index.php/images/logo.gif
ERR: 无法加载模块:Images

[ 2016-07-16T19:05:15+08:00 ] ::1 /tpshop/index.php/images/top_1.gif
ERR: 无法加载模块:Images

[ 2016-07-16T19:05:15+08:00 ] ::1 /tpshop/index.php/images/3_thumb_G_1241422082679.jpg
ERR: 无法加载模块:Images

[ 2016-07-16T19:05:15+08:00 ] ::1 /tpshop/index.php/images/biao6.gif
ERR: 无法加载模块:Images

[ 2016-07-16T19:05:15+08:00 ] ::1 /tpshop/index.php/images/biao7.gif
ERR: 无法加载模块:Images

[ 2016-07-16T19:05:15+08:00 ] ::1 /tpshop/index.php/images/top_2.gif
ERR: 无法加载模块:Images

[ 2016-07-16T19:05:15+08:00 ] ::1 /tpshop/index.php/images/biao3.gif
ERR: 无法加载模块:Images

[ 2016-07-16T19:05:15+08:00 ] ::1 /tpshop/index.php/images/sousuo.gif
ERR: 无法加载模块:Images

[ 2016-07-16T19:05:15+08:00 ] ::1 /tpshop/index.php/images/24_thumb_G_1241971981429.jpg
ERR: 无法加载模块:Images

[ 2016-07-16T19:05:15+08:00 ] ::1 /tpshop/index.php/images/top_3.gif
ERR: 无法加载模块:Images

[ 2016-07-16T19:05:16+08:00 ] ::1 /tpshop/index.php/images/12_thumb_G_1241965978410.jpg
ERR: 无法加载模块:Images

[ 2016-07-16T19:05:16+08:00 ] ::1 /tpshop/index.php/images/top_4.gif
ERR: 无法加载模块:Images

[ 2016-07-16T19:05:16+08:00 ] ::1 /tpshop/index.php/images/top_5.gif
ERR: 无法加载模块:Images

[ 2016-07-16T19:05:16+08:00 ] ::1 /tpshop/index.php/images/top_6.gif
ERR: 无法加载模块:Images

[ 2016-07-16T19:05:16+08:00 ] ::1 /tpshop/index.php/images/top_7.gif
ERR: 无法加载模块:Images

[ 2016-07-16T19:05:16+08:00 ] ::1 /tpshop/index.php/images/1240803062307572427.gif
ERR: 无法加载模块:Images

[ 2016-07-16T19:05:16+08:00 ] ::1 /tpshop/index.php/images/1240802922410634065.gif
ERR: 无法加载模块:Images

[ 2016-07-16T19:05:16+08:00 ] ::1 /tpshop/index.php/images/1240803144788047486.gif
ERR: 无法加载模块:Images

[ 2016-07-16T19:05:16+08:00 ] ::1 /tpshop/index.php/images/111.jpg
ERR: 无法加载模块:Images

[ 2016-07-16T19:05:16+08:00 ] ::1 /tpshop/index.php/images/9_thumb_G_1241511871555.jpg
ERR: 无法加载模块:Images

[ 2016-07-16T19:05:17+08:00 ] ::1 /tpshop/index.php/images/1_thumb_G_1240902890710.jpg
ERR: 无法加载模块:Images

[ 2016-07-16T19:05:17+08:00 ] ::1 /tpshop/index.php/images/8_thumb_G_1241425513488.jpg
ERR: 无法加载模块:Images

[ 2016-07-16T19:05:17+08:00 ] ::1 /tpshop/index.php/images/di.jpg
ERR: 无法加载模块:Images

[ 2016-07-16T19:05:17+08:00 ] ::1 /tpshop/index.php/images/ecmoban_link.jpg
ERR: 无法加载模块:Images

[ 2016-07-16T19:05:17+08:00 ] ::1 /tpshop/index.php/images/yongda_logo.gif
ERR: 无法加载模块:Images

